2023-06-01 11:57:17,967 - Name: sumit
2023-06-01 11:57:17,967 - Phone number: kumar
2023-06-01 11:57:17,967 - Resume text: 
2023-06-01 11:57:17,967 - -------------------
2023-06-01 11:57:17,967 - Name: deepali
2023-06-01 11:57:17,967 - Phone number: chaudhari
2023-06-01 11:57:17,967 - Resume text: 
2023-06-01 11:57:17,967 - -------------------
2023-06-01 11:57:17,967 - Name: ramakrishnan
2023-06-01 11:57:17,967 - Phone number: k
2023-06-01 11:57:17,967 - Resume text: 
2023-06-01 11:57:17,967 - -------------------
2023-06-01 11:57:17,968 - Name: jayaprakash
2023-06-01 11:57:17,970 - Phone number: andamuthu
2023-06-01 11:57:17,970 - Resume text: 
2023-06-01 11:57:17,970 - -------------------
2023-06-01 11:57:17,970 - Name: rajeev
2023-06-01 11:57:17,970 - Phone number: gupta
2023-06-01 11:57:17,970 - Resume text: 
2023-06-01 11:57:17,970 - -------------------
2023-06-01 11:57:17,970 - Name: alaguraj
2023-06-01 11:57:17,970 - Phone number: ramachandran
2023-06-01 11:57:17,970 - Resume text: 
2023-06-01 11:57:17,970 - -------------------
2023-06-01 11:57:17,970 - Name: aiswarya
2023-06-01 11:57:17,970 - Phone number: chandrasekaran
2023-06-01 11:57:17,970 - Resume text: 
2023-06-01 11:57:17,970 - -------------------
2023-06-01 11:57:17,970 - Name: ashay
2023-06-01 11:57:17,970 - Phone number: jain
2023-06-01 11:57:17,970 - Resume text: 
2023-06-01 11:57:17,970 - -------------------
2023-06-01 11:57:17,970 - Name: heena
2023-06-01 11:57:17,970 - Phone number: patel
2023-06-01 11:57:17,970 - Resume text: 
2023-06-01 11:57:17,970 - -------------------
2023-06-01 11:57:17,970 - Name: deba
2023-06-01 11:57:17,970 - Phone number: hazra
2023-06-01 11:57:17,970 - Resume text: 
2023-06-01 11:57:17,970 - -------------------
2023-06-01 11:57:17,970 - Name: archana
2023-06-01 11:57:17,970 - Phone number: btech
2023-06-01 11:57:17,970 - Resume text: 
2023-06-01 11:57:17,970 - -------------------
2023-06-01 11:57:17,970 - Name: sanjeeva
2023-06-01 11:57:17,970 - Phone number: sanjeev
2023-06-01 11:57:17,970 - Resume text: 
2023-06-01 11:57:17,971 - -------------------
2023-06-01 11:57:17,971 - Name: jaheen
2023-06-01 11:57:17,971 - Phone number: afsar
2023-06-01 11:57:17,971 - Resume text: 
2023-06-01 11:57:17,971 - -------------------
2023-06-01 11:57:17,971 - Name: pushpendra
2023-06-01 11:57:17,971 - Phone number: kumar
2023-06-01 11:57:17,971 - Resume text: 
2023-06-01 11:57:17,971 - -------------------
2023-06-01 11:57:17,971 - Name: prasanna
2023-06-01 11:57:17,971 - Phone number: joshi
2023-06-01 11:57:17,971 - Resume text: 
2023-06-01 11:57:17,971 - -------------------
2023-06-01 11:57:17,971 - Name: pratik
2023-06-01 11:57:17,971 - Phone number: chafle
2023-06-01 11:57:17,971 - Resume text: 
2023-06-01 11:57:17,971 - -------------------
2023-06-01 11:57:17,971 - Name: akshay
2023-06-01 11:57:17,971 - Phone number: magdum
2023-06-01 11:57:17,971 - Resume text: 
2023-06-01 11:57:17,971 - -------------------
2023-06-01 11:57:17,971 - Name: sukhdip
2023-06-01 11:57:17,971 - Phone number: singh
2023-06-01 11:57:17,971 - Resume text: 
2023-06-01 11:57:17,971 - -------------------
2023-06-01 11:57:17,971 - Name: baskaran
2023-06-01 11:57:17,971 - Phone number: k
2023-06-01 11:57:17,971 - Resume text: 
2023-06-01 11:57:17,971 - -------------------
2023-06-01 11:57:17,971 - Name: viraj
2023-06-01 11:57:17,971 - Phone number: vaishnav
2023-06-01 11:57:17,971 - Resume text: 
2023-06-01 11:57:17,971 - -------------------
2023-06-01 11:57:17,971 - Name: suryakaladevi
2023-06-01 11:57:17,971 - Phone number: application
2023-06-01 11:57:17,971 - Resume text: 
2023-06-01 11:57:17,971 - -------------------
2023-06-01 11:57:17,971 - Name: navnath
2023-06-01 11:57:17,971 - Phone number: sawase
2023-06-01 11:57:17,971 - Resume text: 
2023-06-01 11:57:17,972 - -------------------
2023-06-01 11:57:17,972 - Name: amar
2023-06-01 11:57:17,972 - Phone number: mane
2023-06-01 11:57:17,972 - Resume text: 
2023-06-01 11:57:17,972 - -------------------
2023-06-01 11:57:17,972 - Name: anoop
2023-06-01 11:57:17,972 - Phone number: kumar
2023-06-01 11:57:17,972 - Resume text: 
2023-06-01 11:57:17,972 - -------------------
2023-06-01 11:57:17,972 - Name: r
2023-06-01 11:57:17,972 - Phone number: venkata
2023-06-01 11:57:17,972 - Resume text: 
2023-06-01 11:57:17,972 - -------------------
2023-06-01 11:57:17,972 - Name: lesser
2023-06-01 11:57:17,972 - Phone number: primary
2023-06-01 11:57:17,972 - Resume text: 
2023-06-01 11:57:17,972 - -------------------
2023-06-01 11:57:17,972 - Name: kaustubh
2023-06-01 11:57:17,972 - Phone number: srivastava
2023-06-01 11:57:17,972 - Resume text: 
2023-06-01 11:57:17,972 - -------------------
2023-06-01 11:57:17,972 - Name: aniket
2023-06-01 11:57:17,972 - Phone number: dhanrao
2023-06-01 11:57:17,972 - Resume text: 
2023-06-01 11:57:17,972 - -------------------
2023-06-01 11:57:17,972 - Name: ajinkya
2023-06-01 11:57:17,972 - Phone number: kurkute
2023-06-01 11:57:17,972 - Resume text: 
2023-06-01 11:57:17,972 - -------------------
2023-06-01 11:57:17,972 - Name: kuldeep
2023-06-01 11:57:17,972 - Phone number: singh
2023-06-01 11:57:17,972 - Resume text: 
2023-06-01 11:57:17,972 - -------------------
2023-06-01 11:57:17,972 - Name: suganthee
2023-06-01 11:57:17,972 - Phone number: br
2023-06-01 11:57:17,972 - Resume text: 
2023-06-01 11:57:17,972 - -------------------
2023-06-01 11:57:17,972 - Name: ronak
2023-06-01 11:57:17,972 - Phone number: sharma
2023-06-01 11:57:17,972 - Resume text: 
2023-06-01 11:57:17,972 - -------------------
2023-06-01 11:57:17,972 - Name: petla
2023-06-01 11:57:17,972 - Phone number: mahesh
2023-06-01 11:57:17,972 - Resume text: 
2023-06-01 11:57:17,973 - -------------------
2023-06-01 11:57:17,973 - Name: devasetti
2023-06-01 11:57:17,973 - Phone number: venkatesh
2023-06-01 11:57:17,973 - Resume text: 
2023-06-01 11:57:17,973 - -------------------
2023-06-01 11:57:17,973 - Name: naveen
2023-06-01 11:57:17,973 - Phone number: kumar
2023-06-01 11:57:17,973 - Resume text: 
2023-06-01 11:57:17,973 - -------------------
2023-06-01 11:57:17,973 - Name: bhupendra
2023-06-01 11:57:17,973 - Phone number: singh
2023-06-01 11:57:17,973 - Resume text: 
2023-06-01 11:57:17,973 - -------------------
2023-06-01 11:57:17,973 - Name: sayantani
2023-06-01 11:57:17,973 - Phone number: bag
2023-06-01 11:57:17,973 - Resume text: 
2023-06-01 11:57:17,973 - -------------------
2023-06-01 11:57:17,973 - Name: liju
2023-06-01 11:57:17,973 - Phone number: mathew
2023-06-01 11:57:17,973 - Resume text: 
2023-06-01 11:57:17,973 - -------------------
2023-06-01 11:57:17,973 - Name: chirag
2023-06-01 11:57:17,973 - Phone number: lakhina
2023-06-01 11:57:17,973 - Resume text: 
2023-06-01 11:57:17,973 - -------------------
2023-06-01 11:57:17,973 - Name: jemini
2023-06-01 11:57:17,973 - Phone number: lad
2023-06-01 11:57:17,973 - Resume text: 
2023-06-01 11:57:17,973 - -------------------
2023-06-01 11:57:17,973 - Name: santhosh
2023-06-01 11:57:17,973 - Phone number: didigam
2023-06-01 11:57:17,973 - Resume text: 
2023-06-01 11:57:17,973 - -------------------
2023-06-01 11:57:17,973 - Name: veeral
2023-06-01 11:57:17,973 - Phone number: bhateja
2023-06-01 11:57:17,973 - Resume text: 
2023-06-01 11:57:17,973 - -------------------
2023-06-01 11:57:17,973 - Name: avik
2023-06-01 11:57:17,973 - Phone number: da
2023-06-01 11:57:17,973 - Resume text: 
2023-06-01 11:57:17,973 - -------------------
2023-06-01 11:57:17,973 - Name: vaibhavi
2023-06-01 11:57:17,973 - Phone number: khobragade
2023-06-01 11:57:17,973 - Resume text: 
2023-06-01 11:57:17,973 - -------------------
2023-06-01 11:57:17,974 - Name: anjali
2023-06-01 11:57:17,974 - Phone number: nasini
2023-06-01 11:57:17,974 - Resume text: 
2023-06-01 11:57:17,974 - -------------------
2023-06-01 11:57:17,974 - Name: shraddha
2023-06-01 11:57:17,974 - Phone number: nagargoje
2023-06-01 11:57:17,974 - Resume text: 
2023-06-01 11:57:17,974 - -------------------
2023-06-01 11:57:17,974 - Name: priyanka
2023-06-01 11:57:17,974 - Phone number: bandagale
2023-06-01 11:57:17,974 - Resume text: 
2023-06-01 11:57:17,974 - -------------------
2023-06-01 11:57:17,974 - Name: neelam
2023-06-01 11:57:17,974 - Phone number: maurya
2023-06-01 11:57:17,974 - Resume text: 
2023-06-01 11:57:17,974 - -------------------
2023-06-01 11:57:17,974 - Name: n
2023-06-01 11:57:17,974 - Phone number: n
2023-06-01 11:57:17,974 - Resume text: 
2023-06-01 11:57:17,974 - -------------------
2023-06-01 11:57:17,974 - Name: bade
2023-06-01 11:57:17,974 - Phone number: rajesh
2023-06-01 11:57:17,974 - Resume text: 
2023-06-01 11:57:17,974 - -------------------
2023-06-01 11:57:17,974 - Name: vaishali
2023-06-01 11:57:17,974 - Phone number: kale
2023-06-01 11:57:17,974 - Resume text: 
2023-06-01 11:57:17,974 - -------------------
2023-06-01 11:57:17,974 - Name: mani
2023-06-01 11:57:17,974 - Phone number: yadav
2023-06-01 11:57:17,974 - Resume text: 
2023-06-01 11:57:17,974 - -------------------
2023-06-01 11:57:17,974 - Name: manjula
2023-06-01 11:57:17,974 - Phone number: bangalore
2023-06-01 11:57:17,974 - Resume text: 
2023-06-01 11:57:17,974 - -------------------
2023-06-01 11:57:17,974 - Name: pranali
2023-06-01 11:57:17,974 - Phone number: gaikwad
2023-06-01 11:57:17,974 - Resume text: 
2023-06-01 11:57:17,975 - -------------------
2023-06-01 11:57:17,975 - Name: prasannera
2023-06-01 11:57:17,975 - Phone number: da
2023-06-01 11:57:17,975 - Resume text: 
2023-06-01 11:57:17,975 - -------------------
2023-06-01 11:57:17,975 - Name: sagar
2023-06-01 11:57:17,975 - Phone number: banarase
2023-06-01 11:57:17,975 - Resume text: 
2023-06-01 11:57:17,975 - -------------------
2023-06-01 11:57:17,975 - Name: swati
2023-06-01 11:57:17,975 - Phone number: pushp
2023-06-01 11:57:17,975 - Resume text: 
2023-06-01 11:57:17,975 - -------------------
2023-06-01 11:57:17,975 - Name: e
2023-06-01 11:57:17,975 - Phone number: srinivasulu
2023-06-01 11:57:17,975 - Resume text: 
2023-06-01 11:57:17,975 - -------------------
2023-06-01 11:57:17,975 - Name: sujith
2023-06-01 11:57:17,975 - Phone number: chennai
2023-06-01 11:57:17,975 - Resume text: 
2023-06-01 11:57:17,975 - -------------------
2023-06-01 11:57:17,975 - Name: alka
2023-06-01 11:57:17,975 - Phone number: gupta
2023-06-01 11:57:17,975 - Resume text: 
2023-06-01 11:57:17,975 - -------------------
2023-06-01 11:57:17,975 - Name: raj
2023-06-01 11:57:17,975 - Phone number: kumar
2023-06-01 11:57:17,975 - Resume text: 
2023-06-01 11:57:17,975 - -------------------
2023-06-01 11:57:17,975 - Name: shubhada
2023-06-01 11:57:17,975 - Phone number: jadhav
2023-06-01 11:57:17,975 - Resume text: 
2023-06-01 11:57:17,975 - -------------------
2023-06-01 11:57:17,975 - Name: bhavani
2023-06-01 11:57:17,975 - Phone number: vijayawada
2023-06-01 11:57:17,975 - Resume text: 
2023-06-01 11:57:17,975 - -------------------
2023-06-01 11:57:17,975 - Name: mangesh
2023-06-01 11:57:17,975 - Phone number: sawant
2023-06-01 11:57:17,975 - Resume text: 
2023-06-01 11:57:17,975 - -------------------
2023-06-01 11:57:17,975 - Name: shirish
2023-06-01 11:57:17,975 - Phone number: nakhate
2023-06-01 11:57:17,975 - Resume text: 
2023-06-01 11:57:17,975 - -------------------
2023-06-01 11:57:17,975 - Name: sandeep
2023-06-01 11:57:17,975 - Phone number: kumar
2023-06-01 11:57:17,976 - Resume text: 
2023-06-01 11:57:17,976 - -------------------
2023-06-01 11:57:17,976 - Name: front
2023-06-01 11:57:17,976 - Phone number: end
2023-06-01 11:57:17,976 - Resume text: 
2023-06-01 11:57:17,976 - -------------------
2023-06-01 11:57:17,976 - Name: surinder
2023-06-01 11:57:17,976 - Phone number: kumar
2023-06-01 11:57:17,976 - Resume text: 
2023-06-01 11:57:17,976 - -------------------
2023-06-01 11:57:17,976 - Name: abhishek
2023-06-01 11:57:17,976 - Phone number: sharma
2023-06-01 11:57:17,976 - Resume text: 
2023-06-01 11:57:17,976 - -------------------
2023-06-01 11:57:17,976 - Name: siddhesh
2023-06-01 11:57:17,976 - Phone number: vichare
2023-06-01 11:57:17,976 - Resume text: 
2023-06-01 11:57:17,976 - -------------------
2023-06-01 11:57:17,976 - Name: preeti
2023-06-01 11:57:17,976 - Phone number: han
2023-06-01 11:57:17,976 - Resume text: 
2023-06-01 11:57:17,976 - -------------------
2023-06-01 11:57:17,976 - Name: varun
2023-06-01 11:57:17,976 - Phone number: dev
2023-06-01 11:57:17,976 - Resume text: 
2023-06-01 11:57:17,976 - -------------------
2023-06-01 11:57:17,976 - Name: satyam
2023-06-01 11:57:17,976 - Phone number: dubey
2023-06-01 11:57:17,976 - Resume text: 
2023-06-01 11:57:17,976 - -------------------
2023-06-01 11:57:17,976 - Name: kirubakaran
2023-06-01 11:57:17,976 - Phone number: srinivasan
2023-06-01 11:57:17,976 - Resume text: 
2023-06-01 11:57:17,976 - -------------------
2023-06-01 11:57:17,976 - Name: sri
2023-06-01 11:57:17,976 - Phone number: harsha
2023-06-01 11:57:17,976 - Resume text: 
2023-06-01 11:57:17,976 - -------------------
2023-06-01 11:57:17,976 - Name: sharan
2023-06-01 11:57:17,976 - Phone number: puthran
2023-06-01 11:57:17,976 - Resume text: 
2023-06-01 11:57:17,976 - -------------------
2023-06-01 11:57:17,976 - Name: vinoth
2023-06-01 11:57:17,976 - Phone number: kumar
2023-06-01 11:57:17,976 - Resume text: 
2023-06-01 11:57:17,976 - -------------------
2023-06-01 11:57:17,976 - Name: surya
2023-06-01 11:57:17,977 - Phone number: v
2023-06-01 11:57:17,977 - Resume text: 
2023-06-01 11:57:17,977 - -------------------
2023-06-01 11:57:17,977 - Name: aravind
2023-06-01 11:57:17,977 - Phone number: raj
2023-06-01 11:57:17,977 - Resume text: 
2023-06-01 11:57:17,977 - -------------------
2023-06-01 11:57:17,977 - Name: harihara
2023-06-01 11:57:17,977 - Phone number: manikandan
2023-06-01 11:57:17,977 - Resume text: 
2023-06-01 11:57:17,977 - -------------------
2023-06-01 11:57:17,977 - Name: vipul
2023-06-01 11:57:17,977 - Phone number: verma
2023-06-01 11:57:17,977 - Resume text: 
2023-06-01 11:57:17,977 - -------------------
2023-06-01 11:57:17,977 - Name: fraheem
2023-06-01 11:57:17,977 - Phone number: akhtar
2023-06-01 11:57:17,977 - Resume text: 
2023-06-01 11:57:17,977 - -------------------
2023-06-01 11:57:17,977 - Name: rahul
2023-06-01 11:57:17,977 - Phone number: tiwari
2023-06-01 11:57:17,977 - Resume text: 
2023-06-01 11:57:17,977 - -------------------
2023-06-01 11:57:17,977 - Name: babu
2023-06-01 11:57:17,977 - Phone number: kanchipuram
2023-06-01 11:57:17,977 - Resume text: 
2023-06-01 11:57:17,977 - -------------------
2023-06-01 11:57:17,977 - Name: naman
2023-06-01 11:57:17,977 - Phone number: bajaj
2023-06-01 11:57:17,977 - Resume text: 
2023-06-01 11:57:17,977 - -------------------
2023-06-01 11:57:17,977 - Name: arun
2023-06-01 11:57:17,977 - Phone number: sundarapandian
2023-06-01 11:57:17,977 - Resume text: 
2023-06-01 11:57:17,977 - -------------------
2023-06-01 11:57:17,977 - Name: mohit
2023-06-01 11:57:17,977 - Phone number: verma
2023-06-01 11:57:17,977 - Resume text: 
2023-06-01 11:57:17,977 - -------------------
2023-06-01 11:57:17,977 - Name: sneha
2023-06-01 11:57:17,977 - Phone number: singh
2023-06-01 11:57:17,977 - Resume text: 
2023-06-01 11:57:17,977 - -------------------
2023-06-01 11:57:17,977 - Name: mohammed
2023-06-01 11:57:17,977 - Phone number: yaqoob
2023-06-01 11:57:17,977 - Resume text: 
2023-06-01 11:57:17,977 - -------------------
2023-06-01 11:57:17,977 - Name: amit
2023-06-01 11:57:17,977 - Phone number: ekbote
2023-06-01 11:57:17,977 - Resume text: 
2023-06-01 11:57:17,977 - -------------------
2023-06-01 11:57:17,977 - Name: sonu
2023-06-01 11:57:17,977 - Phone number: sahu
2023-06-01 11:57:17,977 - Resume text: 
2023-06-01 11:57:17,977 - -------------------
2023-06-01 11:57:17,977 - Name: jay
2023-06-01 11:57:17,977 - Phone number: kavathiya
2023-06-01 11:57:17,977 - Resume text: 
2023-06-01 11:57:17,977 - -------------------
2023-06-01 11:57:17,978 - Name: hiren
2023-06-01 11:57:17,978 - Phone number: patel
2023-06-01 11:57:17,978 - Resume text: 
2023-06-01 11:57:17,978 - -------------------
2023-06-01 11:57:17,978 - Name: rajni
2023-06-01 11:57:17,978 - Phone number: sharma
2023-06-01 11:57:17,978 - Resume text: 
2023-06-01 11:57:17,978 - -------------------
2023-06-01 11:57:17,978 - Name: arfath
2023-06-01 11:57:17,978 - Phone number: shariff
2023-06-01 11:57:17,978 - Resume text: 
2023-06-01 11:57:17,978 - -------------------
2023-06-01 11:57:17,978 - Name: kumar
2023-06-01 11:57:17,978 - Phone number: gangula
2023-06-01 11:57:17,978 - Resume text: 
2023-06-01 11:57:17,978 - -------------------
2023-06-01 11:57:17,978 - Name: atul
2023-06-01 11:57:17,978 - Phone number: kumar
2023-06-01 11:57:17,978 - Resume text: 
2023-06-01 11:57:17,978 - -------------------
2023-06-01 11:57:17,978 - Name: ishwar
2023-06-01 11:57:17,978 - Phone number: deoolkar
2023-06-01 11:57:17,978 - Resume text: 
2023-06-01 11:57:17,978 - -------------------
2023-06-01 11:57:17,978 - Name: rajesh
2023-06-01 11:57:17,978 - Phone number: kumar
2023-06-01 11:57:17,978 - Resume text: 
2023-06-01 11:57:17,978 - -------------------
2023-06-01 11:57:17,978 - Name: ravi
2023-06-01 11:57:17,978 - Phone number: front
2023-06-01 11:57:17,978 - Resume text: 
2023-06-01 11:57:17,978 - -------------------
2023-06-01 11:57:17,978 - Name: puneet
2023-06-01 11:57:17,978 - Phone number: singh
2023-06-01 11:57:17,978 - Resume text: 
2023-06-01 11:57:17,978 - -------------------
2023-06-01 11:57:17,978 - Name: nilkanth
2023-06-01 11:57:17,978 - Phone number: jagtap
2023-06-01 11:57:17,978 - Resume text: 
2023-06-01 11:57:17,978 - -------------------
2023-06-01 11:57:17,978 - Name: ram
2023-06-01 11:57:17,978 - Phone number: mahto
2023-06-01 11:57:17,978 - Resume text: 
2023-06-01 11:57:17,978 - -------------------
2023-06-01 11:57:17,979 - Name: prudhvi
2023-06-01 11:57:17,979 - Phone number: dharmavarapu
2023-06-01 11:57:17,979 - Resume text: 
2023-06-01 11:57:17,979 - -------------------
2023-06-01 11:57:17,979 - Name: gauri
2023-06-01 11:57:17,979 - Phone number: kejkar
2023-06-01 11:57:17,979 - Resume text: 
2023-06-01 11:57:17,979 - -------------------
2023-06-01 11:57:17,979 - Name: java
2023-06-01 11:57:17,979 - Phone number: developer
2023-06-01 11:57:17,979 - Resume text: 
2023-06-01 11:57:17,979 - -------------------
2023-06-01 11:57:17,979 - Name: santosh
2023-06-01 11:57:17,979 - Phone number: java
2023-06-01 11:57:17,979 - Resume text: 
2023-06-01 11:57:17,979 - -------------------
2023-06-01 11:57:17,979 - Name: shashank
2023-06-01 11:57:17,979 - Phone number: java
2023-06-01 11:57:17,979 - Resume text: 
2023-06-01 11:57:17,979 - -------------------
2023-06-01 11:57:17,979 - Name: linda
2023-06-01 11:57:17,979 - Phone number: paul
2023-06-01 11:57:17,979 - Resume text: 
2023-06-01 11:57:17,979 - -------------------
2023-06-01 11:57:17,979 - Name: divya
2023-06-01 11:57:17,979 - Phone number: sr
2023-06-01 11:57:17,979 - Resume text: 
2023-06-01 11:57:17,979 - -------------------
2023-06-01 11:57:17,979 - Name: sushil
2023-06-01 11:57:17,979 - Phone number: saini
2023-06-01 11:57:17,979 - Resume text: 
2023-06-01 11:57:17,979 - -------------------
2023-06-01 11:57:17,979 - Name: nikhil
2023-06-01 11:57:17,979 - Phone number: sharma
2023-06-01 11:57:17,979 - Resume text: 
2023-06-01 11:57:17,979 - -------------------
2023-06-01 11:57:17,979 - Name: arjun
2023-06-01 11:57:17,979 - Phone number: reddy
2023-06-01 11:57:17,979 - Resume text: 
2023-06-01 11:57:17,979 - -------------------
2023-06-01 11:57:17,979 - Name: anshuman
2023-06-01 11:57:17,979 - Phone number: yadav
2023-06-01 11:57:17,979 - Resume text: 
2023-06-01 11:57:17,979 - -------------------
2023-06-01 11:57:17,979 - Name: dhruv
2023-06-01 11:57:17,979 - Phone number: singh
2023-06-01 11:57:17,979 - Resume text: 
2023-06-01 11:57:17,980 - -------------------
2023-06-01 11:57:17,980 - Name: sanjay
2023-06-01 11:57:17,980 - Phone number: jain
2023-06-01 11:57:17,980 - Resume text: 
2023-06-01 11:57:17,980 - -------------------
2023-06-01 11:57:17,980 - Name: mounisha
2023-06-01 11:57:17,980 - Phone number: maity
2023-06-01 11:57:17,980 - Resume text: 
2023-06-01 11:57:17,980 - -------------------
2023-06-01 11:57:17,980 - Name: nitin
2023-06-01 11:57:17,980 - Phone number: mhangare
2023-06-01 11:57:17,980 - Resume text: 
2023-06-01 11:57:17,980 - -------------------
2023-06-01 11:57:17,980 - Name: shravani
2023-06-01 11:57:17,980 - Phone number: javaj2ee
2023-06-01 11:57:17,980 - Resume text: 
2023-06-01 11:57:17,980 - -------------------
2023-06-01 11:57:17,980 - Name: jhansi
2023-06-01 11:57:17,980 - Phone number: kompalli
2023-06-01 11:57:17,980 - Resume text: 
2023-06-01 11:57:17,980 - -------------------
2023-06-01 11:57:17,980 - Name: deepak
2023-06-01 11:57:17,980 - Phone number: jadhav
2023-06-01 11:57:17,980 - Resume text: 
2023-06-01 11:57:17,980 - -------------------
2023-06-01 11:57:17,980 - Name: bhujbal
2023-06-01 11:57:17,980 - Phone number: gurudev
2023-06-01 11:57:17,980 - Resume text: 
2023-06-01 11:57:17,980 - -------------------
2023-06-01 11:57:17,980 - Name: ankit
2023-06-01 11:57:17,980 - Phone number: mittal
2023-06-01 11:57:17,980 - Resume text: 
2023-06-01 11:57:17,980 - -------------------
2023-06-01 11:57:17,980 - Name: reshma
2023-06-01 11:57:17,980 - Phone number: manu
2023-06-01 11:57:17,980 - Resume text: 
2023-06-01 11:57:17,980 - -------------------
2023-06-01 11:57:17,980 - Name: dilip
2023-06-01 11:57:17,980 - Phone number: sambare
2023-06-01 11:57:17,980 - Resume text: 
2023-06-01 11:57:17,980 - -------------------
2023-06-01 11:57:17,980 - Name: k
2023-06-01 11:57:17,981 - Phone number: janmitha
2023-06-01 11:57:17,981 - Resume text: 
2023-06-01 11:57:17,981 - -------------------
2023-06-01 11:57:17,981 - Name: praveen
2023-06-01 11:57:17,981 - Phone number: kalyani
2023-06-01 11:57:17,981 - Resume text: 
2023-06-01 11:57:17,981 - -------------------
2023-06-01 11:57:17,981 - Name: gaurav
2023-06-01 11:57:17,981 - Phone number: khairnar
2023-06-01 11:57:17,981 - Resume text: 
2023-06-01 11:57:17,981 - -------------------
2023-06-01 11:57:17,981 - Name: swapna
2023-06-01 11:57:17,981 - Phone number: b
2023-06-01 11:57:17,981 - Resume text: 
2023-06-01 11:57:17,981 - -------------------
2023-06-01 11:57:17,981 - Name: soniya
2023-06-01 11:57:17,981 - Phone number: rani
2023-06-01 11:57:17,981 - Resume text: 
2023-06-01 11:57:17,981 - -------------------
2023-06-01 11:57:17,981 - Name: jitendra
2023-06-01 11:57:17,981 - Phone number: agarwal
2023-06-01 11:57:17,981 - Resume text: 
2023-06-01 11:57:17,981 - -------------------
2023-06-01 11:57:17,981 - Name: sahil
2023-06-01 11:57:17,981 - Phone number: sheoran
2023-06-01 11:57:17,981 - Resume text: 
2023-06-01 11:57:17,981 - -------------------
2023-06-01 11:57:17,981 - Name: mansi
2023-06-01 11:57:17,981 - Phone number: jain
2023-06-01 11:57:17,981 - Resume text: 
2023-06-01 11:57:17,981 - -------------------
2023-06-01 11:57:17,981 - Name: rucha
2023-06-01 11:57:17,981 - Phone number: parab
2023-06-01 11:57:17,981 - Resume text: 
2023-06-01 11:57:17,981 - -------------------
2023-06-01 11:57:17,981 - Name: gayatri
2023-06-01 11:57:17,981 - Phone number: joshi
2023-06-01 11:57:17,981 - Resume text: 
2023-06-01 11:57:17,981 - -------------------
2023-06-01 11:57:17,981 - Name: manoj
2023-06-01 11:57:17,981 - Phone number: ghadiya
2023-06-01 11:57:17,981 - Resume text: 
2023-06-01 11:57:17,981 - -------------------
2023-06-01 11:57:17,981 - Name: shahabuddin
2023-06-01 11:57:17,981 - Phone number: ansari
2023-06-01 11:57:17,981 - Resume text: 
2023-06-01 11:57:17,982 - -------------------
2023-06-01 11:57:17,982 - Name: dinesh
2023-06-01 11:57:17,982 - Phone number: maharajan
2023-06-01 11:57:17,982 - Resume text: 
2023-06-01 11:57:17,982 - -------------------
2023-06-01 11:57:17,982 - Name: tati
2023-06-01 11:57:17,982 - Phone number: sailakshmi
2023-06-01 11:57:17,982 - Resume text: 
2023-06-01 11:57:17,982 - -------------------
2023-06-01 11:57:17,982 - Name: rohan
2023-06-01 11:57:17,982 - Phone number: rane
2023-06-01 11:57:17,982 - Resume text: 
2023-06-01 11:57:17,982 - -------------------
2023-06-01 11:57:17,982 - Name: syed
2023-06-01 11:57:17,982 - Phone number: uzair
2023-06-01 11:57:17,982 - Resume text: 
2023-06-01 11:57:17,982 - -------------------
2023-06-01 11:57:17,982 - Name: smitesh
2023-06-01 11:57:17,982 - Phone number: chandane
2023-06-01 11:57:17,982 - Resume text: 
2023-06-01 11:57:17,982 - -------------------
2023-06-01 11:57:17,982 - Name: pendyala
2023-06-01 11:57:17,982 - Phone number: prathyusha
2023-06-01 11:57:17,982 - Resume text: 
2023-06-01 11:57:17,982 - -------------------
2023-06-01 11:57:17,982 - Name: nayan
2023-06-01 11:57:17,982 - Phone number: pattanayak
2023-06-01 11:57:17,982 - Resume text: 
2023-06-01 11:57:17,982 - -------------------
2023-06-01 11:57:17,982 - Name: pratibha
2023-06-01 11:57:17,982 - Phone number: kohinkar
2023-06-01 11:57:17,982 - Resume text: 
2023-06-01 11:57:17,982 - -------------------
2023-06-01 11:57:17,982 - Name: nasrin
2023-06-01 11:57:17,982 - Phone number: mulani
2023-06-01 11:57:17,982 - Resume text: 
2023-06-01 11:57:17,982 - -------------------
2023-06-01 11:57:17,982 - Name: balaji
2023-06-01 11:57:17,982 - Phone number: mekle
2023-06-01 11:57:17,982 - Resume text: 
2023-06-01 11:57:17,982 - -------------------
2023-06-01 11:57:17,982 - Name: tarique
2023-06-01 11:57:17,982 - Phone number: faisal
2023-06-01 11:57:17,982 - Resume text: 
2023-06-01 11:57:17,982 - -------------------
2023-06-01 11:57:17,983 - Name: puja
2023-06-01 11:57:17,983 - Phone number: deshmane
2023-06-01 11:57:17,983 - Resume text: 
2023-06-01 11:57:17,983 - -------------------
2023-06-01 11:57:17,983 - Name: parveen
2023-06-01 11:57:17,983 - Phone number: kaur
2023-06-01 11:57:17,983 - Resume text: 
2023-06-01 11:57:17,983 - -------------------
2023-06-01 11:57:17,983 - Name: sachin
2023-06-01 11:57:17,983 - Phone number: kulkarni
2023-06-01 11:57:17,983 - Resume text: 
2023-06-01 11:57:17,983 - -------------------
2023-06-01 11:57:17,983 - Name: varsha
2023-06-01 11:57:17,983 - Phone number: jagtap
2023-06-01 11:57:17,983 - Resume text: 
2023-06-01 11:57:17,983 - -------------------
2023-06-01 11:57:17,983 - Name: rizwana
2023-06-01 11:57:17,983 - Phone number: pulujakar
2023-06-01 11:57:17,983 - Resume text: 
2023-06-01 11:57:17,983 - -------------------
2023-06-01 11:57:17,983 - Name: gandhi
2023-06-01 11:57:17,983 - Phone number: gautam
2023-06-01 11:57:17,983 - Resume text: 
2023-06-01 11:57:17,983 - -------------------
2023-06-01 11:57:17,983 - Name: upasna
2023-06-01 11:57:17,983 - Phone number: upadhayay
2023-06-01 11:57:17,983 - Resume text: 
2023-06-01 11:57:17,983 - -------------------
2023-06-01 11:57:17,983 - Name: mahima
2023-06-01 11:57:17,983 - Phone number: kad
2023-06-01 11:57:17,983 - Resume text: 
2023-06-01 11:57:17,983 - -------------------
2023-06-01 11:57:17,983 - Name: samadhan
2023-06-01 11:57:17,983 - Phone number: kadam
2023-06-01 11:57:17,983 - Resume text: 
2023-06-01 11:57:17,983 - -------------------
2023-06-01 11:57:17,983 - Name: dhanshree
2023-06-01 11:57:17,983 - Phone number: jagtap
2023-06-01 11:57:17,983 - Resume text: 
2023-06-01 11:57:17,983 - -------------------
2023-06-01 11:57:17,983 - Name: nidhi
2023-06-01 11:57:17,983 - Phone number: mishra
2023-06-01 11:57:17,983 - Resume text: 
2023-06-01 11:57:17,983 - -------------------
2023-06-01 11:57:17,983 - Name: yogita
2023-06-01 11:57:17,983 - Phone number: awate
2023-06-01 11:57:17,983 - Resume text: 
2023-06-01 11:57:17,983 - -------------------
2023-06-01 11:57:17,984 - Name: philson
2023-06-01 11:57:17,984 - Phone number: coimbatore
2023-06-01 11:57:17,984 - Resume text: 
2023-06-01 11:57:17,984 - -------------------
2023-06-01 11:57:17,984 - Name: shaheera
2023-06-01 11:57:17,984 - Phone number: viralippurath
2023-06-01 11:57:17,984 - Resume text: 
2023-06-01 11:57:17,984 - -------------------
2023-06-01 11:57:17,984 - Name: pooja
2023-06-01 11:57:17,984 - Phone number: yejare
2023-06-01 11:57:17,984 - Resume text: 
2023-06-01 11:57:17,984 - -------------------
2023-06-01 11:57:17,984 - Name: poonam
2023-06-01 11:57:17,984 - Phone number: sonawane
2023-06-01 11:57:17,984 - Resume text: 
2023-06-01 11:57:17,984 - -------------------
2023-06-01 11:57:17,984 - Name: raja
2023-06-01 11:57:17,984 - Phone number: auddy
2023-06-01 11:57:17,984 - Resume text: 
2023-06-01 11:57:17,984 - -------------------
2023-06-01 11:57:17,984 - Name: kedar
2023-06-01 11:57:17,984 - Phone number: magdum
2023-06-01 11:57:17,984 - Resume text: 
2023-06-01 11:57:17,984 - -------------------
2023-06-01 11:57:17,984 - Name: maria
2023-06-01 11:57:17,984 - Phone number: coimbatore
2023-06-01 11:57:17,984 - Resume text: 
2023-06-01 11:57:17,984 - -------------------
2023-06-01 11:57:17,984 - Name: nithin
2023-06-01 11:57:17,984 - Phone number: b
2023-06-01 11:57:17,984 - Resume text: 
2023-06-01 11:57:17,984 - -------------------
2023-06-01 11:57:17,984 - Name: nisha
2023-06-01 11:57:17,984 - Phone number: shinge
2023-06-01 11:57:17,984 - Resume text: 
2023-06-01 11:57:17,984 - -------------------
2023-06-01 11:57:17,984 - Name: mahesh
2023-06-01 11:57:17,984 - Phone number: chavan
2023-06-01 11:57:17,984 - Resume text: 
2023-06-01 11:57:17,984 - -------------------
2023-06-01 11:57:17,984 - Name: neeraj
2023-06-01 11:57:17,984 - Phone number: kumar
2023-06-01 11:57:17,984 - Resume text: 
2023-06-01 11:57:17,984 - -------------------
2023-06-01 11:57:17,984 - Name: shruti
2023-06-01 11:57:17,984 - Phone number: patil
2023-06-01 11:57:17,985 - Resume text: 
2023-06-01 11:57:17,985 - -------------------
2023-06-01 11:57:17,985 - Name: chinnu
2023-06-01 11:57:17,985 - Phone number: b
2023-06-01 11:57:17,985 - Resume text: 
2023-06-01 11:57:17,985 - -------------------
2023-06-01 11:57:17,985 - Name: resume
2023-06-01 11:57:17,985 - Phone number: rahul
2023-06-01 11:57:17,985 - Resume text: 
2023-06-01 11:57:17,985 - -------------------
